#
# There is insufficient memory for the Java Runtime Environment to continue.
# Native memory allocation (malloc) failed to allocate 32744 bytes for ChunkPool::allocate
# Possible reasons:
#   The system is out of physical RAM or swap space
#   In 32 bit mode, the process size limit was hit
# Possible solutions:
#   Reduce memory load on the system
#   Increase physical memory or swap space
#   Check if swap backing store is full
#   Use 64 bit Java on a 64 bit OS
#   Decrease Java heap size (-Xmx/-Xms)
#   Decrease number of Java threads
#   Decrease Java thread stack sizes (-Xss)
#   Set larger code cache with -XX:ReservedCodeCacheSize=
# This output file may be truncated or incomplete.
#
#  Out of Memory Error (allocation.cpp:273), pid=16720, tid=0x0000000000005374
#
# JRE version: OpenJDK Runtime Environment (8.0) (build 1.8.0-adoptopenjdk-_2018_05_19_00_59-b00)
# Java VM: OpenJDK 64-Bit Server VM (25.71-b00 mixed mode windows-amd64 compressed oops)
# Failed to write core dump. Minidumps are not enabled by default on client versions of Windows
#

---------------  T H R E A D  ---------------

Current thread (0x000000001a029800):  JavaThread "C2 CompilerThread1" daemon [_thread_in_native, id=21364, stack(0x000000001b770000,0x000000001b870000)]

Stack: [0x000000001b770000,0x000000001b870000]
[error occurred during error reporting (printing stack bounds), id 0xc0000005]

Native frames: (J=compiled Java code, j=interpreted, Vv=VM code, C=native code)


Current CompileTask:
C2:   4362 1174       4       java.io.WinNTFileSystem::normalize (143 bytes)


---------------  P R O C E S S  ---------------

Java Threads: ( => current thread )
  0x000000001b995000 JavaThread "Service Thread" daemon [_thread_blocked, id=10856, stack(0x000000001bd70000,0x000000001be70000)]
  0x000000001a02e000 JavaThread "C1 CompilerThread2" daemon [_thread_blocked, id=21252, stack(0x000000001b870000,0x000000001b970000)]
=>0x000000001a029800 JavaThread "C2 CompilerThread1" daemon [_thread_in_native, id=21364, stack(0x000000001b770000,0x000000001b870000)]
  0x000000001a025000 JavaThread "C2 CompilerThread0" daemon [_thread_in_native, id=18936, stack(0x000000001b670000,0x000000001b770000)]
  0x000000001a024000 JavaThread "Attach Listener" daemon [_thread_blocked, id=21908, stack(0x000000001b570000,0x000000001b670000)]
  0x000000001a021000 JavaThread "Signal Dispatcher" daemon [_thread_blocked, id=12924, stack(0x000000001b470000,0x000000001b570000)]
  0x000000001a00e000 JavaThread "Finalizer" daemon [_thread_blocked, id=2364, stack(0x000000001b270000,0x000000001b370000)]
  0x0000000002fa7800 JavaThread "Reference Handler" daemon [_thread_blocked, id=11084, stack(0x000000001b170000,0x000000001b270000)]
  0x0000000002eb5800 JavaThread "main" [_thread_in_native, id=9888, stack(0x0000000002db0000,0x0000000002eb0000)]

Other Threads:
  0x0000000019fe5800 VMThread [stack: 0x000000001b070000,0x000000001b170000] [id=2208]
  0x000000001b995800 WatcherThread [stack: 0x000000001be70000,0x000000001bf70000] [id=11732]

VM state:not at safepoint (normal execution)

VM Mutex/Monitor currently owned by a thread: None

Heap:
 PSYoungGen      total 57344K, used 26569K [0x0000000780a00000, 0x0000000784a00000, 0x00000007c0000000)
  eden space 49152K, 54% used [0x0000000780a00000,0x00000007823f26b0,0x0000000783a00000)
  from space 8192K, 0% used [0x0000000784200000,0x0000000784200000,0x0000000784a00000)
  to   space 8192K, 0% used [0x0000000783a00000,0x0000000783a00000,0x0000000784200000)
 ParOldGen       total 131072K, used 0K [0x0000000701e00000, 0x0000000709e00000, 0x0000000780a00000)
  object space 131072K, 0% used [0x0000000701e00000,0x0000000701e00000,0x0000000709e00000)
 Metaspace       used 13480K, capacity 13740K, committed 14080K, reserved 1060864K
  class space    used 1615K, capacity 1708K, committed 1792K, reserved 1048576K

Card table byte_map: [0x0000000012370000,0x0000000012970000] byte_map_base: 0x000000000eb61000

Marking Bits: (ParMarkBitMap*) 0x0000000069aebe50
 Begin Bits: [0x0000000013170000, 0x00000000160f8000)
 End Bits:   [0x00000000160f8000, 0x0000000019080000)

Polling page: 0x0000000002c10000

CodeCache: size=245760Kb used=4441Kb max_used=4441Kb free=241318Kb
 bounds [0x0000000002fb0000, 0x0000000003410000, 0x0000000011fb0000]
 total_blobs=1630 nmethods=1258 adapters=285
 compilation: enabled

Compilation events (10 events):
Event: 4.309 Thread 0x000000001a02e000 1226       3       java.util.zip.InflaterInputStream::<init> (79 bytes)
Event: 4.310 Thread 0x000000001a02e000 nmethod 1226 0x00000000033e0090 code [0x00000000033e0240, 0x00000000033e0938]
Event: 4.310 Thread 0x000000001a02e000 1227       3       sun.nio.cs.ThreadLocalCoders$Cache::forName (108 bytes)
Event: 4.311 Thread 0x000000001a02e000 nmethod 1227 0x00000000033e0c10 code [0x00000000033e0e80, 0x00000000033e2258]
Event: 4.311 Thread 0x000000001a02e000 1228       3       java.util.ArrayDeque::pollFirst (42 bytes)
Event: 4.311 Thread 0x000000001a02e000 nmethod 1228 0x00000000033e2a90 code [0x00000000033e2c00, 0x00000000033e2f30]
Event: 4.311 Thread 0x000000001a02e000 1219       1       sun.nio.ch.NativeThread::current (2 bytes)
Event: 4.311 Thread 0x000000001a02e000 nmethod 1219 0x00000000033e3090 code [0x00000000033e31e0, 0x00000000033e32d0]
Event: 4.311 Thread 0x000000001a02e000 1218       1       sun.nio.fs.WindowsPath::getPathForPermissionCheck (5 bytes)
Event: 4.312 Thread 0x000000001a02e000 nmethod 1218 0x00000000033e3310 code [0x00000000033e3460, 0x00000000033e3570]

GC Heap History (0 events):
No events

Deoptimization events (10 events):
Event: 2.879 Thread 0x0000000002eb5800 Uncommon trap: reason=unstable_if action=reinterpret pc=0x00000000032291fc method=java.util.HashMap.getNode(ILjava/lang/Object;)Ljava/util/HashMap$Node; @ 129
Event: 2.927 Thread 0x0000000002eb5800 Uncommon trap: reason=range_check action=make_not_entrant pc=0x00000000032289a8 method=sun.reflect.generics.parser.SignatureParser.current()C @ 34
Event: 3.076 Thread 0x0000000002eb5800 Uncommon trap: reason=unstable_if action=reinterpret pc=0x00000000031d010c method=sun.misc.MetaIndex.mayContain(Ljava/lang/String;)Z @ 38
Event: 3.258 Thread 0x0000000002eb5800 Uncommon trap: reason=unstable_if action=reinterpret pc=0x00000000032de294 method=java.io.DataInputStream.readUTF(Ljava/io/DataInput;)Ljava/lang/String; @ 31
Event: 3.283 Thread 0x0000000002eb5800 Uncommon trap: reason=unstable_if action=reinterpret pc=0x00000000032283a4 method=java.lang.AbstractStringBuilder.append(Ljava/lang/String;)Ljava/lang/AbstractStringBuilder; @ 1
Event: 3.547 Thread 0x0000000002eb5800 Uncommon trap: reason=class_check action=maybe_recompile pc=0x00000000032e47d0 method=java.io.FilterInputStream.read()I @ 4
Event: 3.563 Thread 0x0000000002eb5800 Uncommon trap: reason=class_check action=maybe_recompile pc=0x00000000032e47d0 method=java.io.FilterInputStream.read()I @ 4
Event: 3.563 Thread 0x0000000002eb5800 Uncommon trap: reason=class_check action=maybe_recompile pc=0x00000000032e47d0 method=java.io.FilterInputStream.read()I @ 4
Event: 3.563 Thread 0x0000000002eb5800 Uncommon trap: reason=class_check action=maybe_recompile pc=0x00000000032e47d0 method=java.io.FilterInputStream.read()I @ 4
Event: 3.630 Thread 0x0000000002eb5800 Uncommon trap: reason=unstable_if action=reinterpret pc=0x00000000031e0690 method=java.lang.AbstractStringBuilder.append(Ljava/lang/String;)Ljava/lang/AbstractStringBuilder; @ 1

Classes redefined (0 events):
No events

Internal exceptions (10 events):
Event: 4.287 Thread 0x0000000002eb5800 Exception <a 'sun/nio/fs/WindowsException'> (0x00000007821a1350) thrown at [C:\Users\jenkins\workspace\openjdk8_build_x86-64_windows\openjdk\hotspot\src\share\vm\prims\jni.cpp, line 709]
Event: 4.288 Thread 0x0000000002eb5800 Exception <a 'sun/nio/fs/WindowsException'> (0x00000007821a1fa8) thrown at [C:\Users\jenkins\workspace\openjdk8_build_x86-64_windows\openjdk\hotspot\src\share\vm\prims\jni.cpp, line 709]
Event: 4.288 Thread 0x0000000002eb5800 Exception <a 'sun/nio/fs/WindowsException'> (0x00000007821a2768) thrown at [C:\Users\jenkins\workspace\openjdk8_build_x86-64_windows\openjdk\hotspot\src\share\vm\prims\jni.cpp, line 709]
Event: 4.289 Thread 0x0000000002eb5800 Exception <a 'sun/nio/fs/WindowsException'> (0x00000007821a7d80) thrown at [C:\Users\jenkins\workspace\openjdk8_build_x86-64_windows\openjdk\hotspot\src\share\vm\prims\jni.cpp, line 709]
Event: 4.289 Thread 0x0000000002eb5800 Exception <a 'sun/nio/fs/WindowsException'> (0x00000007821aacb0) thrown at [C:\Users\jenkins\workspace\openjdk8_build_x86-64_windows\openjdk\hotspot\src\share\vm\prims\jni.cpp, line 709]
Event: 4.290 Thread 0x0000000002eb5800 Exception <a 'sun/nio/fs/WindowsException'> (0x00000007821ab4b0) thrown at [C:\Users\jenkins\workspace\openjdk8_build_x86-64_windows\openjdk\hotspot\src\share\vm\prims\jni.cpp, line 709]
Event: 4.295 Thread 0x0000000002eb5800 Exception <a 'sun/nio/fs/WindowsException'> (0x00000007821e4e98) thrown at [C:\Users\jenkins\workspace\openjdk8_build_x86-64_windows\openjdk\hotspot\src\share\vm\prims\jni.cpp, line 709]
Event: 4.296 Thread 0x0000000002eb5800 Exception <a 'sun/nio/fs/WindowsException'> (0x00000007821e81d0) thrown at [C:\Users\jenkins\workspace\openjdk8_build_x86-64_windows\openjdk\hotspot\src\share\vm\prims\jni.cpp, line 709]
Event: 4.296 Thread 0x0000000002eb5800 Exception <a 'sun/nio/fs/WindowsException'> (0x00000007821e89d0) thrown at [C:\Users\jenkins\workspace\openjdk8_build_x86-64_windows\openjdk\hotspot\src\share\vm\prims\jni.cpp, line 709]
Event: 4.306 Thread 0x0000000002eb5800 Exception <a 'sun/nio/fs/WindowsException'> (0x000000078221eb58) thrown at [C:\Users\jenkins\workspace\openjdk8_build_x86-64_windows\openjdk\hotspot\src\share\vm\prims\jni.cpp, line 709]

Events (10 events):
Event: 4.225 loading class com/google/common/collect/Sets$UnmodifiableNavigableSet done
Event: 4.226 loading class com/google/common/collect/ForwardingSortedSet
Event: 4.226 loading class com/google/common/collect/ForwardingSortedSet done
Event: 4.226 loading class com/google/common/collect/ForwardingSet
Event: 4.226 loading class com/google/common/collect/ForwardingSet done
Event: 4.227 loading class com/google/common/collect/ForwardingCollection
Event: 4.227 loading class com/google/common/collect/ForwardingCollection done
Event: 4.228 loading class com/google/common/collect/ForwardingObject
Event: 4.228 loading class com/google/common/collect/ForwardingObject done
Event: 4.310 loading class java/util/ArrayList$ListItr


Dynamic libraries:
0x00007ff6390d0000 - 0x00007ff639105000 	C:\Program Files\Unity\Hub\Editor\2021.3.18f1\Editor\Data\PlaybackEngines\AndroidPlayer\OpenJDK\bin\java.exe
0x00007ff9d3150000 - 0x00007ff9d3348000 	C:\WINDOWS\SYSTEM32\ntdll.dll
0x00007ff9d2460000 - 0x00007ff9d251f000 	C:\WINDOWS\System32\KERNEL32.DLL
0x00007ff9d0bd0000 - 0x00007ff9d0ec6000 	C:\WINDOWS\System32\KERNELBASE.dll
0x00007ff9d2df0000 - 0x00007ff9d2e9f000 	C:\WINDOWS\System32\ADVAPI32.dll
0x00007ff9d1590000 - 0x00007ff9d162e000 	C:\WINDOWS\System32\msvcrt.dll
0x00007ff9d22c0000 - 0x00007ff9d235c000 	C:\WINDOWS\System32\sechost.dll
0x00007ff9d11b0000 - 0x00007ff9d12d6000 	C:\WINDOWS\System32\RPCRT4.dll
0x00007ff9d12e0000 - 0x00007ff9d147d000 	C:\WINDOWS\System32\USER32.dll
0x00007ff9d08e0000 - 0x00007ff9d0902000 	C:\WINDOWS\System32\win32u.dll
0x00007ff9d2160000 - 0x00007ff9d218c000 	C:\WINDOWS\System32\GDI32.dll
0x00007ff9d0ab0000 - 0x00007ff9d0bc5000 	C:\WINDOWS\System32\gdi32full.dll
0x00007ff9d0a10000 - 0x00007ff9d0aad000 	C:\WINDOWS\System32\msvcp_win.dll
0x00007ff9d0910000 - 0x00007ff9d0a10000 	C:\WINDOWS\System32\ucrtbase.dll
0x00007ff9bb6f0000 - 0x00007ff9bb98a000 	C:\WINDOWS\WinSxS\amd64_microsoft.windows.common-controls_6595b64144ccf1df_6.0.19041.1110_none_60b5254171f9507e\COMCTL32.dll
0x00007ff9d2190000 - 0x00007ff9d21c0000 	C:\WINDOWS\System32\IMM32.DLL
0x000000006a690000 - 0x000000006a762000 	C:\Program Files\Unity\Hub\Editor\2021.3.18f1\Editor\Data\PlaybackEngines\AndroidPlayer\OpenJDK\jre\bin\msvcr100.dll
0x0000000069320000 - 0x0000000069b69000 	C:\Program Files\Unity\Hub\Editor\2021.3.18f1\Editor\Data\PlaybackEngines\AndroidPlayer\OpenJDK\jre\bin\server\jvm.dll
0x00007ff9d2ea0000 - 0x00007ff9d2ea8000 	C:\WINDOWS\System32\PSAPI.DLL
0x00007ff9be7d0000 - 0x00007ff9be7f7000 	C:\WINDOWS\SYSTEM32\WINMM.dll
0x00007ff9cd010000 - 0x00007ff9cd019000 	C:\WINDOWS\SYSTEM32\WSOCK32.dll
0x00007ff9d23f0000 - 0x00007ff9d245b000 	C:\WINDOWS\System32\WS2_32.dll
0x00007ff9ca8c0000 - 0x00007ff9ca8ca000 	C:\WINDOWS\SYSTEM32\VERSION.dll
0x00007ff9c8610000 - 0x00007ff9c861f000 	C:\Program Files\Unity\Hub\Editor\2021.3.18f1\Editor\Data\PlaybackEngines\AndroidPlayer\OpenJDK\jre\bin\verify.dll
0x00007ff9c85d0000 - 0x00007ff9c85f9000 	C:\Program Files\Unity\Hub\Editor\2021.3.18f1\Editor\Data\PlaybackEngines\AndroidPlayer\OpenJDK\jre\bin\java.dll
0x00007ff9bfff0000 - 0x00007ff9c0006000 	C:\Program Files\Unity\Hub\Editor\2021.3.18f1\Editor\Data\PlaybackEngines\AndroidPlayer\OpenJDK\jre\bin\zip.dll
0x00007ff9d2580000 - 0x00007ff9d2cc4000 	C:\WINDOWS\System32\SHELL32.dll
0x00007ff9ce8f0000 - 0x00007ff9cf083000 	C:\WINDOWS\SYSTEM32\windows.storage.dll
0x00007ff9d1860000 - 0x00007ff9d1bb4000 	C:\WINDOWS\System32\combase.dll
0x00007ff9d01b0000 - 0x00007ff9d01de000 	C:\WINDOWS\SYSTEM32\Wldp.dll
0x00007ff9d14e0000 - 0x00007ff9d158d000 	C:\WINDOWS\System32\SHCORE.dll
0x00007ff9d2520000 - 0x00007ff9d2575000 	C:\WINDOWS\System32\shlwapi.dll
0x00007ff9d0770000 - 0x00007ff9d078f000 	C:\WINDOWS\SYSTEM32\profapi.dll
0x00007ff9bfc60000 - 0x00007ff9bfc7a000 	C:\Program Files\Unity\Hub\Editor\2021.3.18f1\Editor\Data\PlaybackEngines\AndroidPlayer\OpenJDK\jre\bin\net.dll
0x00007ff9cff10000 - 0x00007ff9cff7a000 	C:\WINDOWS\system32\mswsock.dll
0x00007ff9bfc40000 - 0x00007ff9bfc51000 	C:\Program Files\Unity\Hub\Editor\2021.3.18f1\Editor\Data\PlaybackEngines\AndroidPlayer\OpenJDK\jre\bin\nio.dll

VM Arguments:
jvm_args: -Dfile.encoding=UTF-8 -Dcom.android.sdklib.toolsdir=C:\Program Files\Unity\Hub\Editor\2021.3.18f1\Editor\Data\PlaybackEngines\AndroidPlayer\SDK\tools\bin\\.. 
java_command: com.android.sdklib.tool.sdkmanager.SdkManagerCli --list
java_class_path (initial): C:\Program Files\Unity\Hub\Editor\2021.3.18f1\Editor\Data\PlaybackEngines\AndroidPlayer\SDK\tools\bin\..\lib\dvlib-26.0.0-dev.jar;C:\Program Files\Unity\Hub\Editor\2021.3.18f1\Editor\Data\PlaybackEngines\AndroidPlayer\SDK\tools\bin\..\lib\jimfs-1.1.jar;C:\Program Files\Unity\Hub\Editor\2021.3.18f1\Editor\Data\PlaybackEngines\AndroidPlayer\SDK\tools\bin\..\lib\jsr305-1.3.9.jar;C:\Program Files\Unity\Hub\Editor\2021.3.18f1\Editor\Data\PlaybackEngines\AndroidPlayer\SDK\tools\bin\..\lib\repository-26.0.0-dev.jar;C:\Program Files\Unity\Hub\Editor\2021.3.18f1\Editor\Data\PlaybackEngines\AndroidPlayer\SDK\tools\bin\..\lib\j2objc-annotations-1.1.jar;C:\Program Files\Unity\Hub\Editor\2021.3.18f1\Editor\Data\PlaybackEngines\AndroidPlayer\SDK\tools\bin\..\lib\layoutlib-api-26.0.0-dev.jar;C:\Program Files\Unity\Hub\Editor\2021.3.18f1\Editor\Data\PlaybackEngines\AndroidPlayer\SDK\tools\bin\..\lib\gson-2.3.jar;C:\Program Files\Unity\Hub\Editor\2021.3.18f1\Editor\Data\PlaybackEngines\AndroidPlayer\SDK\tools\bin\..\lib\httpcore-4.2.5.jar;C:\Program Files\Unity\Hub\Editor\2021.3.18f1\Editor\Data\PlaybackEngines\AndroidPlayer\SDK\tools\bin\..\lib\commons-logging-1.1.1.jar;C:\Program Files\Unity\Hub\Editor\2021.3.18f1\Editor\Data\PlaybackEngines\AndroidPlayer\SDK\tools\bin\..\lib\commons-compress-1.12.jar;C:\Program Files\Unity\Hub\Editor\2021.3.18f1\Editor\Data\PlaybackEngines\AndroidPlayer\SDK\tools\bin\..\lib\annotations-26.0.0-dev.jar;C:\Program Files\Unity\Hub\Editor\2021.3.18f1\Editor\Data\PlaybackEngines\AndroidPlayer\SDK\tools\bin\..\lib\error_prone_annotations-2.0.18.jar;C:\Program Files\Unity\Hub\Editor\2021.3.18f1\Editor\Data\PlaybackEngines\AndroidPlayer\SDK\tools\bin\..\lib\animal-sniffer-annotations-1.14.jar;C:\Program Files\Unity\Hub\Editor\2021.3.18f1\Editor\Data\PlaybackEngines\AndroidPlayer\SDK\tools\bin\..\lib\httpclient-4.2.6.jar;C:\Program Files\Unity\Hub\Editor\2021.3.18f1\Editor\Data\PlaybackEngines\AndroidPlayer\SDK\tools\bin\..\lib
Launcher Type: SUN_STANDARD

Environment Variables:
JAVA_HOME=C:\Program Files\Unity\Hub\Editor\2021.3.18f1\Editor\Data\PlaybackEngines\AndroidPlayer\OpenJDK
JAVA_TOOL_OPTIONS=-Dfile.encoding=UTF-8
PATH=C:\Program Files\Common Files\Oracle\Java\javapath;C:\ProgramData\Oracle\Java\javapath;C:\WINDOWS\system32;C:\WINDOWS;C:\WINDOWS\System32\Wbem;C:\WINDOWS\System32\WindowsPowerShell\v1.0\;C:\WINDOWS\System32\OpenSSH\;C:\Program Files\Java\jdk-15\bin;C:\Program Files\Microsoft SQL Server\150\Tools\Binn\;C:\Program Files\Microsoft SQL Server\Client SDK\ODBC\170\Tools\Binn\;C:\Program Files (x86)\Microsoft SQL Server\150\DTS\Binn\;C:\Program Files\Azure Data Studio\bin;C:\Program Files\Microsoft SQL Server\Client SDK\ODBC\130\Tools\Binn\;C:\Program Files (x86)\Microsoft SQL Server\140\Tools\Binn\;C:\Program Files\Microsoft SQL Server\140\Tools\Binn\;C:\Program Files\Microsoft SQL Server\140\DTS\Binn\;C:\Program Files\Calibre2\;C:\Program Files (x86)\Microsoft SQL Server\160\Tools\Binn\;C:\Program Files\Microsoft SQL Server\160\Tools\Binn\;C:\Program Files\Microsoft SQL Server\160\DTS\Binn\;C:\Program Files\nodejs\;C:\Program Files (x86)\GtkSharp\2.12\bin;C:\Program Files\Cloudflare\Cloudflare WARP\;C:\Users\JhioDalagan\AppData\Local\Programs\Python\Python310\Scripts\;C:\Users\JhioDalagan\AppData\Local\Programs\Python\Python310\;C:\Users\JhioDalagan\AppData\Local\Microsoft\WindowsApps;C:\Program Files\Azure Data Studio\bin;C:\Users\JhioDalagan\AppData\Local\Programs\Microsoft VS Code\bin;C:\Users\JhioDalagan\AppData\Roaming\npm;C:\Users\JhioDalagan\AppData\Local\GitHubDesktop\bin
USERNAME=Jhio Dalagan
OS=Windows_NT
PROCESSOR_IDENTIFIER=Intel64 Family 6 Model 78 Stepping 3, GenuineIntel



---------------  S Y S T E M  ---------------

OS: Windows 10.0 , 64 bit Build 19041 (10.0.19041.2913)

CPU:total 4 (initial active 4) (2 cores per cpu, 2 threads per core) family 6 model 78 stepping 3, cmov, cx8, fxsr, mmx, sse, sse2, sse3, ssse3, sse4.1, sse4.2, popcnt, avx, avx2, aes, clmul, erms, 3dnowpref, lzcnt, ht, tsc, tscinvbit, bmi1, bmi2, adx

Memory: 4k page, physical 12453736k(1851656k free), swap 14550888k(4120k free)

vm_info: OpenJDK 64-Bit Server VM (25.71-b00) for windows-amd64 JRE (1.8.0-adoptopenjdk-_2018_05_19_00_59-b00), built on May 19 2018 01:02:12 by "jenkins" with MS VC++ 10.0 (VS2010)

time: Wed Jun 14 15:22:14 2023
elapsed time: 4 seconds (0d 0h 0m 4s)

